{"D:\\Netology\\2021\\task-JS4\\Lesson_10\\L10_t2\\src\\gamesaving.js": {"path":"D:\\Netology\\2021\\task-JS4\\Lesson_10\\L10_t2\\src\\gamesaving.js","statementMap":{"0":{"start":{"line":3,"column":4},"end":{"line":3,"column":21}},"1":{"start":{"line":4,"column":4},"end":{"line":4,"column":31}},"2":{"start":{"line":5,"column":4},"end":{"line":10,"column":6}}},"fnMap":{"0":{"name":"(anonymous_0)","decl":{"start":{"line":2,"column":2},"end":{"line":2,"column":3}},"loc":{"start":{"line":2,"column":19},"end":{"line":11,"column":3}},"line":2}},"branchMap":{},"s":{"0":2,"1":2,"2":2},"f":{"0":2},"b":{},"_coverageSchema":"1a1c01bbd47fc00a2c39e90264f33305004495a9","hash":"2669201ecf6fd7b5b3b45cec8b9dbb1c945c676c"}
,"D:\\Netology\\2021\\task-JS4\\Lesson_10\\L10_t2\\src\\gamesavingloader.js": {"path":"D:\\Netology\\2021\\task-JS4\\Lesson_10\\L10_t2\\src\\gamesavingloader.js","statementMap":{"0":{"start":{"line":7,"column":23},"end":{"line":7,"column":35}},"1":{"start":{"line":8,"column":28},"end":{"line":8,"column":54}},"2":{"start":{"line":9,"column":16},"end":{"line":9,"column":43}},"3":{"start":{"line":10,"column":4},"end":{"line":10,"column":31}}},"fnMap":{"0":{"name":"(anonymous_0)","decl":{"start":{"line":6,"column":2},"end":{"line":6,"column":3}},"loc":{"start":{"line":6,"column":22},"end":{"line":11,"column":3}},"line":6}},"branchMap":{},"s":{"0":1,"1":1,"2":1,"3":1},"f":{"0":1},"b":{},"_coverageSchema":"1a1c01bbd47fc00a2c39e90264f33305004495a9","hash":"74bd662a46b0b029b84000d48a4f13f68faa45e6"}
,"D:\\Netology\\2021\\task-JS4\\Lesson_10\\L10_t2\\src\\parser.js": {"path":"D:\\Netology\\2021\\task-JS4\\Lesson_10\\L10_t2\\src\\parser.js","statementMap":{"0":{"start":{"line":2,"column":2},"end":{"line":7,"column":5}},"1":{"start":{"line":4,"column":4},"end":{"line":6,"column":12}},"2":{"start":{"line":5,"column":6},"end":{"line":5,"column":70}}},"fnMap":{"0":{"name":"toString","decl":{"start":{"line":1,"column":24},"end":{"line":1,"column":32}},"loc":{"start":{"line":1,"column":39},"end":{"line":8,"column":1}},"line":1},"1":{"name":"(anonymous_1)","decl":{"start":{"line":2,"column":21},"end":{"line":2,"column":22}},"loc":{"start":{"line":2,"column":42},"end":{"line":7,"column":3}},"line":2},"2":{"name":"(anonymous_2)","decl":{"start":{"line":4,"column":15},"end":{"line":4,"column":16}},"loc":{"start":{"line":4,"column":21},"end":{"line":6,"column":5}},"line":4}},"branchMap":{},"s":{"0":1,"1":1,"2":1},"f":{"0":1,"1":1,"2":1},"b":{},"_coverageSchema":"1a1c01bbd47fc00a2c39e90264f33305004495a9","hash":"6a28f38467f5905f1dac7679ceb286ac3c752be2"}
,"D:\\Netology\\2021\\task-JS4\\Lesson_10\\L10_t2\\src\\reader.js": {"path":"D:\\Netology\\2021\\task-JS4\\Lesson_10\\L10_t2\\src\\reader.js","statementMap":{"0":{"start":{"line":2,"column":2},"end":{"line":15,"column":5}},"1":{"start":{"line":4,"column":4},"end":{"line":14,"column":13}},"2":{"start":{"line":5,"column":19},"end":{"line":5,"column":111}},"3":{"start":{"line":6,"column":6},"end":{"line":13,"column":15}},"4":{"start":{"line":7,"column":23},"end":{"line":7,"column":56}},"5":{"start":{"line":8,"column":27},"end":{"line":8,"column":50}},"6":{"start":{"line":9,"column":8},"end":{"line":11,"column":9}},"7":{"start":{"line":9,"column":21},"end":{"line":9,"column":22}},"8":{"start":{"line":10,"column":10},"end":{"line":10,"column":46}},"9":{"start":{"line":12,"column":8},"end":{"line":12,"column":24}}},"fnMap":{"0":{"name":"read","decl":{"start":{"line":1,"column":24},"end":{"line":1,"column":28}},"loc":{"start":{"line":1,"column":31},"end":{"line":16,"column":1}},"line":1},"1":{"name":"(anonymous_1)","decl":{"start":{"line":2,"column":21},"end":{"line":2,"column":22}},"loc":{"start":{"line":2,"column":42},"end":{"line":15,"column":3}},"line":2},"2":{"name":"(anonymous_2)","decl":{"start":{"line":4,"column":15},"end":{"line":4,"column":16}},"loc":{"start":{"line":4,"column":21},"end":{"line":14,"column":5}},"line":4},"3":{"name":"(anonymous_3)","decl":{"start":{"line":6,"column":14},"end":{"line":6,"column":15}},"loc":{"start":{"line":6,"column":25},"end":{"line":13,"column":7}},"line":6}},"branchMap":{},"s":{"0":1,"1":1,"2":1,"3":1,"4":1,"5":1,"6":1,"7":1,"8":90,"9":1},"f":{"0":1,"1":1,"2":1,"3":1},"b":{},"_coverageSchema":"1a1c01bbd47fc00a2c39e90264f33305004495a9","hash":"6ff7574161f838d8dfa0773f93706a2800d88fe2"}
}
